<?xml version="1.0" encoding="UTF-8"?>
<testng-results skipped="0" failed="2" ignored="0" total="3" passed="1">
  <reporter-output>
  </reporter-output>
  <suite name="Surefire suite" duration-ms="3672" started-at="2021-02-16T10:59:00 BRT" finished-at="2021-02-16T10:59:03 BRT">
    <groups>
      <group name="cucumber">
        <method signature="AbstractTestNGCucumberTests.runScenario(io.cucumber.testng.PickleWrapper, io.cucumber.testng.FeatureWrapper)[pri:0, instance:runner.TestRunner@43814d18]" name="runScenario" class="io.cucumber.testng.AbstractTestNGCucumberTests"/>
      </group> <!-- cucumber -->
    </groups>
    <test name="Surefire test" duration-ms="3672" started-at="2021-02-16T10:59:00 BRT" finished-at="2021-02-16T10:59:03 BRT">
      <class name="runner.TestRunner">
        <test-method status="PASS" signature="setUpClass()[pri:0, instance:runner.TestRunner@43814d18]" name="setUpClass" is-config="true" duration-ms="507" started-at="2021-02-16T10:59:00 BRT" finished-at="2021-02-16T10:59:00 BRT">
          <reporter-output>
          </reporter-output>
        </test-method> <!-- setUpClass -->
        <test-method status="FAIL" signature="runScenario(io.cucumber.testng.PickleWrapper, io.cucumber.testng.FeatureWrapper)[pri:0, instance:runner.TestRunner@43814d18]" name="runScenario" duration-ms="2360" started-at="2021-02-16T10:59:00 BRT" description="Runs Cucumber Scenarios" data-provider="scenarios" finished-at="2021-02-16T10:59:03 BRT">
          <params>
            <param index="0">
              <value>
                <![CDATA["Buscar um cliente existente"]]>
              </value>
            </param>
            <param index="1">
              <value>
                <![CDATA["Optional[Buscar Clientes]"]]>
              </value>
            </param>
          </params>
          <exception class="java.lang.NullPointerException">
            <full-stacktrace>
              <![CDATA[java.lang.NullPointerException
at steps.StepDefinitions.validarCadastroDeNovoCliente(StepDefinitions.java:160)
at ✽.Eu devo ver que o corpo de resposta retornado esta dentro do especificado(file:///home/mkapobianco/Projects/TestesAutomatizadosBrasilPrev/src/test/java/features/BuscarClientes.feature:8)
]]>
            </full-stacktrace>
          </exception> <!-- java.lang.NullPointerException -->
          <reporter-output>
          </reporter-output>
        </test-method> <!-- runScenario -->
        <test-method status="FAIL" signature="runScenario(io.cucumber.testng.PickleWrapper, io.cucumber.testng.FeatureWrapper)[pri:0, instance:runner.TestRunner@43814d18]" name="runScenario" duration-ms="192" started-at="2021-02-16T10:59:03 BRT" description="Runs Cucumber Scenarios" data-provider="scenarios" finished-at="2021-02-16T10:59:03 BRT">
          <params>
            <param index="0">
              <value>
                <![CDATA["Confirmar que o HTTP StatusCode de uma pesquisa está correto"]]>
              </value>
            </param>
            <param index="1">
              <value>
                <![CDATA["Optional[Buscar Clientes]"]]>
              </value>
            </param>
          </params>
          <exception class="java.lang.AssertionError">
            <message>
              <![CDATA[expected:<200> but was:<404>]]>
            </message>
            <full-stacktrace>
              <![CDATA[java.lang.AssertionError: expected:<200> but was:<404>
at org.junit.Assert.fail(Assert.java:89)
at org.junit.Assert.failNotEquals(Assert.java:835)
at org.junit.Assert.assertEquals(Assert.java:647)
at org.junit.Assert.assertEquals(Assert.java:633)
at steps.StepDefinitions.validarStatusCode(StepDefinitions.java:155)
at ✽.Eu devo verificar que o HTTP StatusCode retornado é 200(file:///home/mkapobianco/Projects/TestesAutomatizadosBrasilPrev/src/test/java/features/BuscarClientes.feature:14)
]]>
            </full-stacktrace>
          </exception> <!-- java.lang.AssertionError -->
          <reporter-output>
          </reporter-output>
        </test-method> <!-- runScenario -->
        <test-method status="PASS" signature="runScenario(io.cucumber.testng.PickleWrapper, io.cucumber.testng.FeatureWrapper)[pri:0, instance:runner.TestRunner@43814d18]" name="runScenario" duration-ms="432" started-at="2021-02-16T10:59:03 BRT" description="Runs Cucumber Scenarios" data-provider="scenarios" finished-at="2021-02-16T10:59:03 BRT">
          <params>
            <param index="0">
              <value>
                <![CDATA["Cadastrar um novo cliente"]]>
              </value>
            </param>
            <param index="1">
              <value>
                <![CDATA["Optional[Cadastrar Novos Clientes]"]]>
              </value>
            </param>
          </params>
          <reporter-output>
          </reporter-output>
        </test-method> <!-- runScenario -->
        <test-method status="PASS" signature="tearDownClass()[pri:0, instance:runner.TestRunner@43814d18]" name="tearDownClass" is-config="true" duration-ms="140" started-at="2021-02-16T10:59:03 BRT" finished-at="2021-02-16T10:59:03 BRT">
          <reporter-output>
          </reporter-output>
        </test-method> <!-- tearDownClass -->
      </class> <!-- runner.TestRunner -->
    </test> <!-- Surefire test -->
  </suite> <!-- Surefire suite -->
</testng-results>
